<?xml version="1.0" encoding="utf-8"?><testsuites name="pytest tests"><testsuite name="pytest" errors="0" failures="0" skipped="0" tests="14" time="9.251" timestamp="2026-01-08T21:07:41.912927+00:00" hostname="agent-env-c170fa2c-b155-4e14-b4c4-ac76d80d607a"><testcase classname="tests.test_littlehelper_api.TestHealthAndAgents" name="test_health_endpoint" time="0.055" /><testcase classname="tests.test_littlehelper_api.TestHealthAndAgents" name="test_agents_endpoint" time="0.032" /><testcase classname="tests.test_littlehelper_api.TestAuthentication" name="test_login_test_user" time="0.054" /><testcase classname="tests.test_littlehelper_api.TestAuthentication" name="test_login_admin_user" time="0.039" /><testcase classname="tests.test_littlehelper_api.TestAuthentication" name="test_login_invalid_credentials" time="0.038" /><testcase classname="tests.test_littlehelper_api.TestGlobalAssistant" name="test_assistant_chat" time="0.683" /><testcase classname="tests.test_littlehelper_api.TestGlobalAssistant" name="test_conversations_list" time="0.074" /><testcase classname="tests.test_littlehelper_api.TestMultiAgentBuild" name="test_ai_plan_endpoint" time="5.681" /><testcase classname="tests.test_littlehelper_api.TestMultiAgentBuild" name="test_ai_execute_task_endpoint" time="2.151" /><testcase classname="tests.test_littlehelper_api.TestAdminPlans" name="test_get_subscription_plans" time="0.066" /><testcase classname="tests.test_littlehelper_api.TestAdminPlans" name="test_get_credit_packages" time="0.068" /><testcase classname="tests.test_littlehelper_api.TestAdminPlans" name="test_admin_stats" time="0.070" /><testcase classname="tests.test_littlehelper_api.TestProjects" name="test_list_projects" time="0.072" /><testcase classname="tests.test_littlehelper_api.TestProjects" name="test_create_project" time="0.101" /></testsuite></testsuites>