<?xml version="1.0" encoding="utf-8"?><testsuites name="pytest tests"><testsuite name="pytest" errors="0" failures="2" skipped="0" tests="14" time="9.684" timestamp="2026-01-08T21:06:51.563456+00:00" hostname="agent-env-c170fa2c-b155-4e14-b4c4-ac76d80d607a"><testcase classname="tests.test_littlehelper_api.TestHealthAndAgents" name="test_health_endpoint" time="0.074" /><testcase classname="tests.test_littlehelper_api.TestHealthAndAgents" name="test_agents_endpoint" time="0.040" /><testcase classname="tests.test_littlehelper_api.TestAuthentication" name="test_login_test_user" time="0.042" /><testcase classname="tests.test_littlehelper_api.TestAuthentication" name="test_login_admin_user" time="0.046" /><testcase classname="tests.test_littlehelper_api.TestAuthentication" name="test_login_invalid_credentials" time="0.043" /><testcase classname="tests.test_littlehelper_api.TestGlobalAssistant" name="test_assistant_chat" time="0.944" /><testcase classname="tests.test_littlehelper_api.TestGlobalAssistant" name="test_conversations_list" time="0.108"><failure message="assert 404 == 200&#10; +  where 404 = &lt;Response [404]&gt;.status_code">tests/test_littlehelper_api.py:106: in test_conversations_list
    assert response.status_code == 200
E   assert 404 == 200
E    +  where 404 = &lt;Response [404]&gt;.status_code</failure></testcase><testcase classname="tests.test_littlehelper_api.TestMultiAgentBuild" name="test_ai_plan_endpoint" time="5.697" /><testcase classname="tests.test_littlehelper_api.TestMultiAgentBuild" name="test_ai_execute_task_endpoint" time="1.956" /><testcase classname="tests.test_littlehelper_api.TestAdminPlans" name="test_get_subscription_plans" time="0.225"><failure message="assert 405 == 200&#10; +  where 405 = &lt;Response [405]&gt;.status_code">tests/test_littlehelper_api.py:186: in test_get_subscription_plans
    assert response.status_code == 200
E   assert 405 == 200
E    +  where 405 = &lt;Response [405]&gt;.status_code</failure></testcase><testcase classname="tests.test_littlehelper_api.TestAdminPlans" name="test_get_credit_packages" time="0.071" /><testcase classname="tests.test_littlehelper_api.TestAdminPlans" name="test_admin_stats" time="0.096" /><testcase classname="tests.test_littlehelper_api.TestProjects" name="test_list_projects" time="0.072" /><testcase classname="tests.test_littlehelper_api.TestProjects" name="test_create_project" time="0.110" /></testsuite></testsuites>